Piano/app/build/intermediates/manifest_merge_blame_file/debug/manifest-merger-blame-debug-report.txt
1<?xml version="1.0" encoding="utf-8"?>
2<manifest xmlns:android="http://schemas.android.com/apk/res/android"
3    package="com.example.mypiano"
4    android:versionCode="1"
5    android:versionName="1.0" >
6
7    <uses-sdk
8        android:minSdkVersion="24"
8-->src/main/AndroidManifest.xml
9        android:targetSdkVersion="30" />
9-->src/main/AndroidManifest.xml
10
11    <application
11-->src/main/AndroidManifest.xml:5:5-18:19
12        android:allowBackup="true"
12-->src/main/AndroidManifest.xml:6:9-35
13        android:appComponentFactory="androidx.core.app.CoreComponentFactory"
13-->[androidx.core:core:1.3.2] AndroidManifest.xml:24:18-86
14        android:debuggable="true"
15        android:extractNativeLibs="false"
16        android:icon="@mipmap/ic_launcher"
16-->src/main/AndroidManifest.xml:7:9-43
17        android:label="@string/app_name"
17-->src/main/AndroidManifest.xml:8:9-41
18        android:roundIcon="@mipmap/ic_launcher_round"
18-->src/main/AndroidManifest.xml:9:9-54
19        android:supportsRtl="true"
19-->src/main/AndroidManifest.xml:10:9-35
20        android:testOnly="true" >
21        <activity
21-->src/main/AndroidManifest.xml:11:9-17:20
22            android:name="com.example.mypiano.MainActivity"
22-->src/main/AndroidManifest.xml:11:19-47
23            android:screenOrientation="landscape"
23-->src/main/AndroidManifest.xml:11:99-136
24            android:theme="@style/Theme.AppCompat.NoActionBar" >
24-->src/main/AndroidManifest.xml:11:48-98
25            <intent-filter>
25-->src/main/AndroidManifest.xml:12:13-16:29
26                <action android:name="android.intent.action.MAIN" />
26-->src/main/AndroidManifest.xml:13:17-69
26-->src/main/AndroidManifest.xml:13:25-66
27
28                <category android:name="android.intent.category.LAUNCHER" />
28-->src/main/AndroidManifest.xml:15:17-77
28-->src/main/AndroidManifest.xml:15:27-74
29            </intent-filter>
30        </activity>
31    </application>
32
33</manifest>